# JRE version: Java(TM) SE Runtime Environment (10.0.2+13) (build 10.0.2+13)
# Java VM: Java HotSpot(TM) 64-Bit Server VM (10.0.2+13, mixed mode, tiered, compressed oops, g1 gc, linux-amd64)
Heap:
 garbage-first heap   total 632832K, used 166893K [0x00000000c0000000, 0x0000000100000000)
  region size 1024K, 6 young (6144K), 6 survivors (6144K)
 Metaspace       used 48381K, capacity 50744K, committed 51072K, reserved 1095680K
  class space    used 4692K, capacity 5502K, committed 5504K, reserved 1048576K
GC Heap History (10 events):
Event: 19.048 GC heap after
{Heap after GC invocations=30 (full 0):
 garbage-first heap   total 535552K, used 125232K [0x00000000c0000000, 0x0000000100000000)
  region size 1024K, 5 young (5120K), 5 survivors (5120K)
 Metaspace       used 48359K, capacity 50744K, committed 51072K, reserved 1095680K
  class space    used 4689K, capacity 5502K, committed 5504K, reserved 1048576K
}
Event: 19.501 GC heap before
{Heap before GC invocations=30 (full 0):
 garbage-first heap   total 535552K, used 176432K [0x00000000c0000000, 0x0000000100000000)
  region size 1024K, 55 young (56320K), 5 survivors (5120K)
 Metaspace       used 48365K, capacity 50744K, committed 51072K, reserved 1095680K
  class space    used 4690K, capacity 5502K, committed 5504K, reserved 1048576K
}
Event: 19.621 GC heap after
{Heap after GC invocations=31 (full 0):
 garbage-first heap   total 535552K, used 131587K [0x00000000c0000000, 0x0000000100000000)
  region size 1024K, 7 young (7168K), 7 survivors (7168K)
 Metaspace       used 48365K, capacity 50744K, committed 51072K, reserved 1095680K
  class space    used 4690K, capacity 5502K, committed 5504K, reserved 1048576K
}
Event: 20.598 GC heap before
{Heap before GC invocations=31 (full 0):
 garbage-first heap   total 535552K, used 197123K [0x00000000c0000000, 0x0000000100000000)
  region size 1024K, 71 young (72704K), 7 survivors (7168K)
 Metaspace       used 48374K, capacity 50744K, committed 51072K, reserved 1095680K
  class space    used 4691K, capacity 5502K, committed 5504K, reserved 1048576K
}
Event: 20.721 GC heap after
{Heap after GC invocations=32 (full 0):
 garbage-first heap   total 535552K, used 140469K [0x00000000c0000000, 0x0000000100000000)
  region size 1024K, 9 young (9216K), 9 survivors (9216K)
 Metaspace       used 48374K, capacity 50744K, committed 51072K, reserved 1095680K
  class space    used 4691K, capacity 5502K, committed 5504K, reserved 1048576K
}
Event: 21.379 GC heap before
{Heap before GC invocations=32 (full 0):
 garbage-first heap   total 535552K, used 216245K [0x00000000c0000000, 0x0000000100000000)
  region size 1024K, 83 young (84992K), 9 survivors (9216K)
 Metaspace       used 48381K, capacity 50744K, committed 51072K, reserved 1095680K
  class space    used 4692K, capacity 5502K, committed 5504K, reserved 1048576K
}
Event: 21.452 GC heap after
{Heap after GC invocations=33 (full 0):
 garbage-first heap   total 535552K, used 149107K [0x00000000c0000000, 0x0000000100000000)
  region size 1024K, 9 young (9216K), 9 survivors (9216K)
 Metaspace       used 48381K, capacity 50744K, committed 51072K, reserved 1095680K
  class space    used 4692K, capacity 5502K, committed 5504K, reserved 1048576K
}
Event: 22.944 GC heap before
{Heap before GC invocations=33 (full 0):
 garbage-first heap   total 535552K, used 243315K [0x00000000c0000000, 0x0000000100000000)
  region size 1024K, 101 young (103424K), 9 survivors (9216K)
 Metaspace       used 48381K, capacity 50744K, committed 51072K, reserved 1095680K
  class space    used 4692K, capacity 5502K, committed 5504K, reserved 1048576K
}
Event: 23.309 GC heap after
{Heap after GC invocations=34 (full 0):
 garbage-first heap   total 535552K, used 160448K [0x00000000c0000000, 0x0000000100000000)
  region size 1024K, 11 young (11264K), 11 survivors (11264K)
 Metaspace       used 48381K, capacity 50744K, committed 51072K, reserved 1095680K
  class space    used 4692K, capacity 5502K, committed 5504K, reserved 1048576K
}
Event: 31.023 GC heap before
{Heap before GC invocations=34 (full 0):
 garbage-first heap   total 535552K, used 211648K [0x00000000c0000000, 0x0000000100000000)
  region size 1024K, 61 young (62464K), 11 survivors (11264K)
 Metaspace       used 48381K, capacity 50744K, committed 51072K, reserved 1095680K
  class space    used 4692K, capacity 5502K, committed 5504K, reserved 1048576K
}

